<?xml version="1.0" encoding="UTF-8"?>
<!-- Generated by org.testng.reporters.JUnitXMLReporter -->
<testsuite hostname="STEFANM" ignored="0" name="Homepage Test - See if Create Account button is displayed" tests="2" failures="0" timestamp="09 Jan 2018 13:55:27 GMT" time="16.693" errors="0">
  <testcase name="loginElementsPresent" time="0.951" classname="smoketests.ATagsTest"/>
  <testcase name="loginElementsPresent" time="0.075" classname="smoketests.LoginPresentTestNG"/>
</testsuite> <!-- Homepage Test - See if Create Account button is displayed -->
