<?xml version="1.0" encoding="UTF-8"?>
<testng-results skipped="0" failed="0" ignored="0" total="1" passed="1">
  <reporter-output>
  </reporter-output>
  <suite name="Default suite" duration-ms="9064" started-at="2018-01-05T16:08:27Z" finished-at="2018-01-05T16:08:36Z">
    <groups>
    </groups>
    <test name="Default test" duration-ms="9064" started-at="2018-01-05T16:08:27Z" finished-at="2018-01-05T16:08:36Z">
      <class name="smoketests.LoginPresentTestNG">
        <test-method status="PASS" signature="setUp()[pri:0, instance:smoketests.LoginPresentTestNG@167fdd33]" name="setUp" is-config="true" duration-ms="8610" started-at="2018-01-05T17:08:27Z" finished-at="2018-01-05T17:08:36Z">
          <reporter-output>
          </reporter-output>
        </test-method> <!-- setUp -->
        <test-method status="PASS" signature="loginElementsPresent()[pri:0, instance:smoketests.LoginPresentTestNG@167fdd33]" name="loginElementsPresent" duration-ms="87" started-at="2018-01-05T17:08:36Z" finished-at="2018-01-05T17:08:36Z">
          <reporter-output>
          </reporter-output>
        </test-method> <!-- loginElementsPresent -->
        <test-method status="PASS" signature="tearDown()[pri:0, instance:smoketests.LoginPresentTestNG@167fdd33]" name="tearDown" is-config="true" duration-ms="350" started-at="2018-01-05T17:08:36Z" finished-at="2018-01-05T17:08:36Z">
          <reporter-output>
          </reporter-output>
        </test-method> <!-- tearDown -->
      </class> <!-- smoketests.LoginPresentTestNG -->
    </test> <!-- Default test -->
  </suite> <!-- Default suite -->
</testng-results>
